2025-02-06 21:31:56,772 - INFO - Starting TOEIC automation script
2025-02-06 21:32:13,834 - INFO - Test URL: https://toeiclistening.net/practice-toeic-listening-test-2023-with-answer-actual-test-11/
2025-02-06 21:32:40,813 - INFO - Step 1: Getting correct answers...
2025-02-06 21:32:49,814 - INFO - Looking for View Results button...
2025-02-06 21:32:49,841 - INFO - Found View Results button, clicking...
2025-02-06 21:32:50,026 - INFO - Waiting for confirmation popup...
2025-02-06 21:32:51,029 - INFO - Accepting confirmation popup...
2025-02-06 21:32:51,035 - INFO - Waiting for results to load...
2025-02-06 21:32:53,038 - INFO - Looking for questions...
2025-02-06 21:32:53,094 - INFO - Found 100 questions
2025-02-06 21:32:53,157 - INFO - Processing question 1
2025-02-06 21:32:53,228 - INFO - Found correct answer for question 1: A
2025-02-06 21:32:53,265 - INFO - Processing question 2
2025-02-06 21:32:53,331 - INFO - Found correct answer for question 2: D
2025-02-06 21:32:53,369 - INFO - Processing question 3
2025-02-06 21:32:53,429 - INFO - Found correct answer for question 3: D
2025-02-06 21:32:53,468 - INFO - Processing question 4
2025-02-06 21:32:53,522 - INFO - Found correct answer for question 4: D
2025-02-06 21:32:53,559 - INFO - Processing question 5
2025-02-06 21:32:53,619 - INFO - Found correct answer for question 5: C
2025-02-06 21:32:53,662 - INFO - Processing question 6
2025-02-06 21:32:53,718 - INFO - Found correct answer for question 6: C
2025-02-06 21:32:53,762 - INFO - Processing question 7
2025-02-06 21:32:53,817 - INFO - Found correct answer for question 7: B
2025-02-06 21:32:53,864 - INFO - Processing question 8
2025-02-06 21:32:53,923 - INFO - Found correct answer for question 8: A
2025-02-06 21:32:53,966 - INFO - Processing question 9
2025-02-06 21:32:54,022 - INFO - Found correct answer for question 9: C
2025-02-06 21:32:54,063 - INFO - Processing question 10
2025-02-06 21:32:54,112 - INFO - Found correct answer for question 10: A
2025-02-06 21:32:54,153 - INFO - Processing question 11
2025-02-06 21:32:54,206 - INFO - Found correct answer for question 11: C
2025-02-06 21:32:54,239 - INFO - Processing question 12
2025-02-06 21:32:54,288 - INFO - Found correct answer for question 12: C
2025-02-06 21:32:54,322 - INFO - Processing question 13
2025-02-06 21:32:54,370 - INFO - Found correct answer for question 13: A
2025-02-06 21:32:54,403 - INFO - Processing question 14
2025-02-06 21:32:54,453 - INFO - Found correct answer for question 14: C
2025-02-06 21:32:54,489 - INFO - Processing question 15
2025-02-06 21:32:54,536 - INFO - Found correct answer for question 15: A
2025-02-06 21:32:54,573 - INFO - Processing question 16
2025-02-06 21:32:54,624 - INFO - Found correct answer for question 16: A
2025-02-06 21:32:54,656 - INFO - Processing question 17
2025-02-06 21:32:54,705 - INFO - Found correct answer for question 17: B
2025-02-06 21:32:54,732 - INFO - Processing question 18
2025-02-06 21:32:54,794 - INFO - Found correct answer for question 18: A
2025-02-06 21:32:54,838 - INFO - Processing question 19
2025-02-06 21:32:54,903 - INFO - Found correct answer for question 19: A
2025-02-06 21:32:54,936 - INFO - Processing question 20
2025-02-06 21:32:55,007 - INFO - Found correct answer for question 20: C
2025-02-06 21:32:55,044 - INFO - Processing question 21
2025-02-06 21:32:55,120 - INFO - Found correct answer for question 21: C
2025-02-06 21:32:55,158 - INFO - Processing question 22
2025-02-06 21:32:55,209 - INFO - Found correct answer for question 22: A
2025-02-06 21:32:55,245 - INFO - Processing question 23
2025-02-06 21:32:55,297 - INFO - Found correct answer for question 23: C
2025-02-06 21:32:55,335 - INFO - Processing question 24
2025-02-06 21:32:55,383 - INFO - Found correct answer for question 24: B
2025-02-06 21:32:55,420 - INFO - Processing question 25
2025-02-06 21:32:55,481 - INFO - Found correct answer for question 25: A
2025-02-06 21:32:55,520 - INFO - Processing question 26
2025-02-06 21:32:55,585 - INFO - Found correct answer for question 26: A
2025-02-06 21:32:55,627 - INFO - Processing question 27
2025-02-06 21:32:55,689 - INFO - Found correct answer for question 27: C
2025-02-06 21:32:55,732 - INFO - Processing question 28
2025-02-06 21:32:55,805 - INFO - Found correct answer for question 28: A
2025-02-06 21:32:55,850 - INFO - Processing question 29
2025-02-06 21:32:55,915 - INFO - Found correct answer for question 29: B
2025-02-06 21:32:55,956 - INFO - Processing question 30
2025-02-06 21:32:56,032 - INFO - Found correct answer for question 30: A
2025-02-06 21:32:56,063 - INFO - Processing question 31
2025-02-06 21:32:56,113 - INFO - Found correct answer for question 31: B
2025-02-06 21:32:56,145 - INFO - Processing question 32
2025-02-06 21:32:56,195 - INFO - Found correct answer for question 32: B
2025-02-06 21:32:56,242 - INFO - Processing question 33
2025-02-06 21:32:56,303 - INFO - Found correct answer for question 33: D
2025-02-06 21:32:56,345 - INFO - Processing question 34
2025-02-06 21:32:56,406 - INFO - Found correct answer for question 34: C
2025-02-06 21:32:56,449 - INFO - Processing question 35
2025-02-06 21:32:56,510 - INFO - Found correct answer for question 35: D
2025-02-06 21:32:56,553 - INFO - Processing question 36
2025-02-06 21:32:56,602 - INFO - Found correct answer for question 36: B
2025-02-06 21:32:56,635 - INFO - Processing question 37
2025-02-06 21:32:56,694 - INFO - Found correct answer for question 37: C
2025-02-06 21:32:56,736 - INFO - Processing question 38
2025-02-06 21:32:56,794 - INFO - Found correct answer for question 38: A
2025-02-06 21:32:56,841 - INFO - Processing question 39
2025-02-06 21:32:56,904 - INFO - Found correct answer for question 39: B
2025-02-06 21:32:56,946 - INFO - Processing question 40
2025-02-06 21:32:57,015 - INFO - Found correct answer for question 40: B
2025-02-06 21:32:57,051 - INFO - Processing question 41
2025-02-06 21:32:57,201 - INFO - Found correct answer for question 41: C
2025-02-06 21:32:57,230 - INFO - Processing question 42
2025-02-06 21:32:57,279 - INFO - Found correct answer for question 42: B
2025-02-06 21:32:57,329 - INFO - Processing question 43
2025-02-06 21:32:57,386 - INFO - Found correct answer for question 43: A
2025-02-06 21:32:57,435 - INFO - Processing question 44
2025-02-06 21:32:57,496 - INFO - Found correct answer for question 44: D
2025-02-06 21:32:57,540 - INFO - Processing question 45
2025-02-06 21:32:57,601 - INFO - Found correct answer for question 45: B
2025-02-06 21:32:57,641 - INFO - Processing question 46
2025-02-06 21:32:57,702 - INFO - Found correct answer for question 46: C
2025-02-06 21:32:57,745 - INFO - Processing question 47
2025-02-06 21:32:57,808 - INFO - Found correct answer for question 47: A
2025-02-06 21:32:57,845 - INFO - Processing question 48
2025-02-06 21:32:57,910 - INFO - Found correct answer for question 48: A
2025-02-06 21:32:57,951 - INFO - Processing question 49
2025-02-06 21:32:58,010 - INFO - Found correct answer for question 49: D
2025-02-06 21:32:58,052 - INFO - Processing question 50
2025-02-06 21:32:58,115 - INFO - Found correct answer for question 50: B
2025-02-06 21:32:58,156 - INFO - Processing question 51
2025-02-06 21:32:58,216 - INFO - Found correct answer for question 51: B
2025-02-06 21:32:58,257 - INFO - Processing question 52
2025-02-06 21:32:58,318 - INFO - Found correct answer for question 52: D
2025-02-06 21:32:58,361 - INFO - Processing question 53
2025-02-06 21:32:58,422 - INFO - Found correct answer for question 53: D
2025-02-06 21:32:58,460 - INFO - Processing question 54
2025-02-06 21:32:58,526 - INFO - Found correct answer for question 54: C
2025-02-06 21:32:58,568 - INFO - Processing question 55
2025-02-06 21:32:58,617 - INFO - Found correct answer for question 55: B
2025-02-06 21:32:58,662 - INFO - Processing question 56
2025-02-06 21:32:58,715 - INFO - Found correct answer for question 56: B
2025-02-06 21:32:58,765 - INFO - Processing question 57
2025-02-06 21:32:58,821 - INFO - Found correct answer for question 57: B
2025-02-06 21:32:58,863 - INFO - Processing question 58
2025-02-06 21:32:58,928 - INFO - Found correct answer for question 58: D
2025-02-06 21:32:58,970 - INFO - Processing question 59
2025-02-06 21:32:59,033 - INFO - Found correct answer for question 59: B
2025-02-06 21:32:59,076 - INFO - Processing question 60
2025-02-06 21:32:59,142 - INFO - Found correct answer for question 60: B
2025-02-06 21:32:59,186 - INFO - Processing question 61
2025-02-06 21:32:59,249 - INFO - Found correct answer for question 61: B
2025-02-06 21:32:59,291 - INFO - Processing question 62
2025-02-06 21:32:59,351 - INFO - Found correct answer for question 62: B
2025-02-06 21:32:59,396 - INFO - Processing question 63
2025-02-06 21:32:59,459 - INFO - Found correct answer for question 63: D
2025-02-06 21:32:59,502 - INFO - Processing question 64
2025-02-06 21:32:59,564 - INFO - Found correct answer for question 64: D
2025-02-06 21:32:59,604 - INFO - Processing question 65
2025-02-06 21:32:59,664 - INFO - Found correct answer for question 65: A
2025-02-06 21:32:59,705 - INFO - Processing question 66
2025-02-06 21:32:59,765 - INFO - Found correct answer for question 66: C
2025-02-06 21:32:59,807 - INFO - Processing question 67
2025-02-06 21:32:59,868 - INFO - Found correct answer for question 67: D
2025-02-06 21:32:59,904 - INFO - Processing question 68
2025-02-06 21:32:59,970 - INFO - Found correct answer for question 68: B
2025-02-06 21:32:59,996 - INFO - Processing question 69
2025-02-06 21:33:00,055 - INFO - Found correct answer for question 69: D
2025-02-06 21:33:00,088 - INFO - Processing question 70
2025-02-06 21:33:00,134 - INFO - Found correct answer for question 70: B
2025-02-06 21:33:00,169 - INFO - Processing question 71
2025-02-06 21:33:00,222 - INFO - Found correct answer for question 71: B
2025-02-06 21:33:00,255 - INFO - Processing question 72
2025-02-06 21:33:00,301 - INFO - Found correct answer for question 72: B
2025-02-06 21:33:00,340 - INFO - Processing question 73
2025-02-06 21:33:00,388 - INFO - Found correct answer for question 73: D
2025-02-06 21:33:00,424 - INFO - Processing question 74
2025-02-06 21:33:00,474 - INFO - Found correct answer for question 74: C
2025-02-06 21:33:00,508 - INFO - Processing question 75
2025-02-06 21:33:00,558 - INFO - Found correct answer for question 75: B
2025-02-06 21:33:00,596 - INFO - Processing question 76
2025-02-06 21:33:00,647 - INFO - Found correct answer for question 76: C
2025-02-06 21:33:00,686 - INFO - Processing question 77
2025-02-06 21:33:00,737 - INFO - Found correct answer for question 77: D
2025-02-06 21:33:00,775 - INFO - Processing question 78
2025-02-06 21:33:00,822 - INFO - Found correct answer for question 78: B
2025-02-06 21:33:00,855 - INFO - Processing question 79
2025-02-06 21:33:00,898 - INFO - Found correct answer for question 79: C
2025-02-06 21:33:00,931 - INFO - Processing question 80
2025-02-06 21:33:00,972 - INFO - Found correct answer for question 80: D
2025-02-06 21:33:01,013 - INFO - Processing question 81
2025-02-06 21:33:01,068 - INFO - Found correct answer for question 81: B
2025-02-06 21:33:01,103 - INFO - Processing question 82
2025-02-06 21:33:01,160 - INFO - Found correct answer for question 82: C
2025-02-06 21:33:01,233 - INFO - Processing question 83
2025-02-06 21:33:01,314 - INFO - Found correct answer for question 83: D
2025-02-06 21:33:01,351 - INFO - Processing question 84
2025-02-06 21:33:01,398 - INFO - Found correct answer for question 84: C
2025-02-06 21:33:01,430 - INFO - Processing question 85
2025-02-06 21:33:01,471 - INFO - Found correct answer for question 85: B
2025-02-06 21:33:01,500 - INFO - Processing question 86
2025-02-06 21:33:01,552 - INFO - Found correct answer for question 86: D
2025-02-06 21:33:01,586 - INFO - Processing question 87
2025-02-06 21:33:01,633 - INFO - Found correct answer for question 87: B
2025-02-06 21:33:01,666 - INFO - Processing question 88
2025-02-06 21:33:01,709 - INFO - Found correct answer for question 88: B
2025-02-06 21:33:01,741 - INFO - Processing question 89
2025-02-06 21:33:01,799 - INFO - Found correct answer for question 89: B
2025-02-06 21:33:01,846 - INFO - Processing question 90
2025-02-06 21:33:01,903 - INFO - Found correct answer for question 90: B
2025-02-06 21:33:01,941 - INFO - Processing question 91
2025-02-06 21:33:01,993 - INFO - Found correct answer for question 91: D
2025-02-06 21:33:02,037 - INFO - Processing question 92
2025-02-06 21:33:02,096 - INFO - Found correct answer for question 92: B
2025-02-06 21:33:02,143 - INFO - Processing question 93
2025-02-06 21:33:02,201 - INFO - Found correct answer for question 93: C
2025-02-06 21:33:02,247 - INFO - Processing question 94
2025-02-06 21:33:02,310 - INFO - Found correct answer for question 94: D
2025-02-06 21:33:02,395 - INFO - Processing question 95
2025-02-06 21:33:02,459 - INFO - Found correct answer for question 95: C
2025-02-06 21:33:02,505 - INFO - Processing question 96
2025-02-06 21:33:02,624 - INFO - Found correct answer for question 96: A
2025-02-06 21:33:02,661 - INFO - Processing question 97
2025-02-06 21:33:02,721 - INFO - Found correct answer for question 97: C
2025-02-06 21:33:02,760 - INFO - Processing question 98
2025-02-06 21:33:02,818 - INFO - Found correct answer for question 98: A
2025-02-06 21:33:02,863 - INFO - Processing question 99
2025-02-06 21:33:02,924 - INFO - Found correct answer for question 99: B
2025-02-06 21:33:02,964 - INFO - Processing question 100
2025-02-06 21:33:03,022 - INFO - Found correct answer for question 100: C
2025-02-06 21:33:03,022 - INFO - Total correct answers found: 100
2025-02-06 21:33:03,022 - INFO - Saved correct answers to right_answers.txt
2025-02-06 21:33:03,022 - INFO - Correct answers saved to right_answers.txt
2025-02-06 21:33:22,745 - INFO - Target score set to: 69
2025-02-06 21:33:22,747 - INFO - Step 3: Generating answers for target score...
2025-02-06 21:33:22,747 - INFO - Total questions found: 100
2025-02-06 21:33:22,747 - INFO - Generating answers with 69 correct out of 100 total questions
2025-02-06 21:33:22,747 - INFO - Generated answers saved to mywork.txt
2025-02-06 21:33:22,747 - INFO - Step 4: Selecting answers...
2025-02-06 21:33:28,267 - INFO - Selected answer A for question 1
2025-02-06 21:33:29,177 - INFO - Selected answer D for question 2
2025-02-06 21:33:30,092 - INFO - Selected answer D for question 3
2025-02-06 21:33:31,005 - INFO - Selected answer D for question 4
2025-02-06 21:33:31,934 - INFO - Selected answer B for question 5
2025-02-06 21:33:32,846 - INFO - Selected answer C for question 6
2025-02-06 21:33:33,762 - INFO - Selected answer A for question 7
2025-02-06 21:33:34,670 - INFO - Selected answer A for question 8
2025-02-06 21:33:35,586 - INFO - Selected answer C for question 9
2025-02-06 21:33:36,499 - INFO - Selected answer A for question 10
2025-02-06 21:33:37,397 - INFO - Selected answer C for question 11
2025-02-06 21:33:38,302 - INFO - Selected answer B for question 12
2025-02-06 21:33:39,218 - INFO - Selected answer A for question 13
2025-02-06 21:33:40,187 - INFO - Selected answer C for question 14
2025-02-06 21:33:41,105 - INFO - Selected answer A for question 15
2025-02-06 21:33:41,990 - INFO - Selected answer A for question 16
2025-02-06 21:33:42,909 - INFO - Selected answer B for question 17
2025-02-06 21:33:43,828 - INFO - Selected answer A for question 18
2025-02-06 21:33:44,772 - INFO - Selected answer C for question 19
2025-02-06 21:33:45,666 - INFO - Selected answer C for question 20
2025-02-06 21:33:46,584 - INFO - Selected answer C for question 21
2025-02-06 21:33:48,419 - INFO - Selected answer C for question 23
2025-02-06 21:33:49,346 - INFO - Selected answer B for question 24
2025-02-06 21:33:50,290 - INFO - Selected answer A for question 25
2025-02-06 21:33:51,216 - INFO - Selected answer A for question 26
2025-02-06 21:33:52,127 - INFO - Selected answer C for question 27
2025-02-06 21:33:53,049 - INFO - Selected answer B for question 28
2025-02-06 21:33:53,971 - INFO - Selected answer A for question 29
2025-02-06 21:33:55,753 - INFO - Selected answer A for question 31
2025-02-06 21:33:56,631 - INFO - Selected answer C for question 32
2025-02-06 21:33:57,504 - INFO - Selected answer D for question 33
2025-02-06 21:33:58,415 - INFO - Selected answer A for question 34
2025-02-06 21:33:59,293 - INFO - Selected answer D for question 35
2025-02-06 21:34:00,165 - INFO - Selected answer D for question 36
2025-02-06 21:34:01,038 - INFO - Selected answer A for question 37
2025-02-06 21:34:01,969 - INFO - Selected answer A for question 38
2025-02-06 21:34:02,858 - INFO - Selected answer A for question 39
2025-02-06 21:34:03,733 - INFO - Selected answer C for question 40
2025-02-06 21:34:04,602 - INFO - Selected answer C for question 41
2025-02-06 21:34:05,472 - INFO - Selected answer B for question 42
2025-02-06 21:34:06,341 - INFO - Selected answer A for question 43
2025-02-06 21:34:07,208 - INFO - Selected answer D for question 44
2025-02-06 21:34:08,079 - INFO - Selected answer A for question 45
2025-02-06 21:34:08,952 - INFO - Selected answer C for question 46
2025-02-06 21:34:09,821 - INFO - Selected answer C for question 47
2025-02-06 21:34:10,697 - INFO - Selected answer A for question 48
2025-02-06 21:34:11,568 - INFO - Selected answer D for question 49
2025-02-06 21:34:12,440 - INFO - Selected answer B for question 50
2025-02-06 21:34:13,303 - INFO - Selected answer C for question 51
2025-02-06 21:34:14,173 - INFO - Selected answer D for question 52
2025-02-06 21:34:15,040 - INFO - Selected answer D for question 53
2025-02-06 21:34:15,936 - INFO - Selected answer C for question 54
2025-02-06 21:34:16,835 - INFO - Selected answer B for question 55
2025-02-06 21:34:17,759 - INFO - Selected answer A for question 56
2025-02-06 21:34:18,681 - INFO - Selected answer A for question 57
2025-02-06 21:34:19,604 - INFO - Selected answer C for question 58
2025-02-06 21:34:20,502 - INFO - Selected answer B for question 59
2025-02-06 21:34:21,423 - INFO - Selected answer B for question 60
2025-02-06 21:34:22,337 - INFO - Selected answer C for question 61
2025-02-06 21:34:23,255 - INFO - Selected answer B for question 62
2025-02-06 21:34:24,167 - INFO - Selected answer D for question 63
2025-02-06 21:34:25,072 - INFO - Selected answer D for question 64
2025-02-06 21:34:25,973 - INFO - Selected answer A for question 65
2025-02-06 21:34:26,899 - INFO - Selected answer C for question 66
2025-02-06 21:34:27,810 - INFO - Selected answer D for question 67
2025-02-06 21:34:28,720 - INFO - Selected answer B for question 68
2025-02-06 21:34:29,608 - INFO - Selected answer D for question 69
2025-02-06 21:34:30,552 - INFO - Selected answer B for question 70
2025-02-06 21:34:31,471 - INFO - Selected answer B for question 71
2025-02-06 21:34:32,356 - INFO - Selected answer B for question 72
2025-02-06 21:34:33,237 - INFO - Selected answer C for question 73
2025-02-06 21:34:34,149 - INFO - Selected answer C for question 74
2025-02-06 21:34:35,096 - INFO - Selected answer B for question 75
2025-02-06 21:34:36,002 - INFO - Selected answer B for question 76
2025-02-06 21:34:36,954 - INFO - Selected answer D for question 77
2025-02-06 21:34:37,911 - INFO - Selected answer A for question 78
2025-02-06 21:34:38,819 - INFO - Selected answer C for question 79
2025-02-06 21:34:39,731 - INFO - Selected answer D for question 80
2025-02-06 21:34:40,654 - INFO - Selected answer B for question 81
2025-02-06 21:34:41,581 - INFO - Selected answer C for question 82
2025-02-06 21:34:42,464 - INFO - Selected answer D for question 83
2025-02-06 21:34:43,380 - INFO - Selected answer B for question 84
2025-02-06 21:34:44,285 - INFO - Selected answer B for question 85
2025-02-06 21:34:45,197 - INFO - Selected answer B for question 86
2025-02-06 21:34:46,123 - INFO - Selected answer B for question 87
2025-02-06 21:34:47,048 - INFO - Selected answer B for question 88
2025-02-06 21:34:47,975 - INFO - Selected answer B for question 89
2025-02-06 21:34:48,897 - INFO - Selected answer D for question 90
2025-02-06 21:34:49,796 - INFO - Selected answer D for question 91
2025-02-06 21:34:50,718 - INFO - Selected answer D for question 92
2025-02-06 21:34:51,640 - INFO - Selected answer C for question 93
2025-02-06 21:34:52,538 - INFO - Selected answer D for question 94
2025-02-06 21:34:53,447 - INFO - Selected answer D for question 95
2025-02-06 21:34:54,366 - INFO - Selected answer C for question 96
2025-02-06 21:34:55,322 - INFO - Selected answer C for question 97
2025-02-06 21:34:56,243 - INFO - Selected answer A for question 98
2025-02-06 21:34:57,133 - INFO - Selected answer B for question 99
2025-02-06 21:34:58,037 - INFO - Selected answer C for question 100
2025-02-06 21:34:59,633 - INFO - Script completed successfully
